[Tue Mar 26 14:03:08.396787 2024] [ssl:warn] [pid 11936:tid 384] AH01909: www.example.com:443:0 server certificate does NOT include an ID which matches the server name
[Tue Mar 26 14:03:08.432561 2024] [ssl:warn] [pid 11936:tid 384] AH01909: www.example.com:443:0 server certificate does NOT include an ID which matches the server name
[Tue Mar 26 14:03:08.507458 2024] [mpm_winnt:notice] [pid 11936:tid 384] AH00455: Apache/2.4.58 (Win64) OpenSSL/3.1.3 PHP/8.2.12 configured -- resuming normal operations
[Tue Mar 26 14:03:08.507458 2024] [mpm_winnt:notice] [pid 11936:tid 384] AH00456: Apache Lounge VS17 Server built: Oct 18 2023 13:03:18
[Tue Mar 26 14:03:08.507458 2024] [core:notice] [pid 11936:tid 384] AH00094: Command line: 'e:\\new folder\\apache\\bin\\httpd.exe -d E:/New folder/apache'
[Tue Mar 26 14:03:08.538949 2024] [mpm_winnt:notice] [pid 11936:tid 384] AH00418: Parent: Created child process 15888
[Tue Mar 26 14:03:09.106196 2024] [ssl:warn] [pid 15888:tid 392] AH01909: www.example.com:443:0 server certificate does NOT include an ID which matches the server name
[Tue Mar 26 14:03:09.139782 2024] [ssl:warn] [pid 15888:tid 392] AH01909: www.example.com:443:0 server certificate does NOT include an ID which matches the server name
[Tue Mar 26 14:03:09.185510 2024] [mpm_winnt:notice] [pid 15888:tid 392] AH00354: Child: Starting 150 worker threads.
[Tue Mar 26 14:14:59.177808 2024] [mpm_winnt:notice] [pid 11936:tid 384] AH00422: Parent: Received shutdown signal -- Shutting down the server.
[Tue Mar 26 14:15:01.205616 2024] [mpm_winnt:notice] [pid 15888:tid 392] AH00364: Child: All worker threads have exited.
[Tue Mar 26 14:15:01.262434 2024] [mpm_winnt:notice] [pid 11936:tid 384] AH00430: Parent: Child process 15888 exited successfully.
[Tue Mar 26 14:15:16.788355 2024] [ssl:warn] [pid 16752:tid 392] AH01909: www.example.com:443:0 server certificate does NOT include an ID which matches the server name
[Tue Mar 26 14:15:16.832492 2024] [ssl:warn] [pid 16752:tid 392] AH01909: www.example.com:443:0 server certificate does NOT include an ID which matches the server name
[Tue Mar 26 14:15:16.877527 2024] [mpm_winnt:notice] [pid 16752:tid 392] AH00455: Apache/2.4.58 (Win64) OpenSSL/3.1.3 PHP/8.2.12 configured -- resuming normal operations
[Tue Mar 26 14:15:16.877527 2024] [mpm_winnt:notice] [pid 16752:tid 392] AH00456: Apache Lounge VS17 Server built: Oct 18 2023 13:03:18
[Tue Mar 26 14:15:16.877527 2024] [core:notice] [pid 16752:tid 392] AH00094: Command line: 'e:\\new folder\\apache\\bin\\httpd.exe -d E:/New folder/apache'
[Tue Mar 26 14:15:16.881036 2024] [mpm_winnt:notice] [pid 16752:tid 392] AH00418: Parent: Created child process 6988
[Tue Mar 26 14:15:17.247404 2024] [ssl:warn] [pid 6988:tid 352] AH01909: www.example.com:443:0 server certificate does NOT include an ID which matches the server name
[Tue Mar 26 14:15:17.292842 2024] [ssl:warn] [pid 6988:tid 352] AH01909: www.example.com:443:0 server certificate does NOT include an ID which matches the server name
[Tue Mar 26 14:15:17.337932 2024] [mpm_winnt:notice] [pid 6988:tid 352] AH00354: Child: Starting 150 worker threads.
