2024-03-26 14:03:15 0 [Note] Starting MariaDB 10.4.32-MariaDB source revision c4143f909528e3fab0677a28631d10389354c491 as process 4632
2024-03-26 14:03:15 0 [Note] InnoDB: Mutexes and rw_locks use Windows interlocked functions
2024-03-26 14:03:15 0 [Note] InnoDB: Uses event mutexes
2024-03-26 14:03:15 0 [Note] InnoDB: Compressed tables use zlib 1.3
2024-03-26 14:03:15 0 [Note] InnoDB: Number of pools: 1
2024-03-26 14:03:15 0 [Note] InnoDB: Using SSE2 crc32 instructions
2024-03-26 14:03:15 0 [Note] InnoDB: Initializing buffer pool, total size = 16M, instances = 1, chunk size = 16M
2024-03-26 14:03:15 0 [Note] InnoDB: Completed initialization of buffer pool
2024-03-26 14:03:15 0 [Note] InnoDB: Starting crash recovery from checkpoint LSN=300288
2024-03-26 14:03:16 0 [Note] InnoDB: 128 out of 128 rollback segments are active.
2024-03-26 14:03:16 0 [Note] InnoDB: Removed temporary tablespace data file: "ibtmp1"
2024-03-26 14:03:16 0 [Note] InnoDB: Creating shared tablespace for temporary tables
2024-03-26 14:03:16 0 [Note] InnoDB: Setting file 'E:\New folder\mysql\data\ibtmp1' size to 12 MB. Physically writing the file full; Please wait ...
2024-03-26 14:03:16 0 [Note] InnoDB: File 'E:\New folder\mysql\data\ibtmp1' size is now 12 MB.
2024-03-26 14:03:16 0 [Note] InnoDB: Waiting for purge to start
2024-03-26 14:03:16 0 [Note] InnoDB: 10.4.32 started; log sequence number 300297; transaction id 170
2024-03-26 14:03:16 0 [Note] InnoDB: Loading buffer pool(s) from E:\New folder\mysql\data\ib_buffer_pool
2024-03-26 14:03:16 0 [Note] Plugin 'FEEDBACK' is disabled.
2024-03-26 14:03:16 0 [Note] InnoDB: Buffer pool(s) load completed at 240326 14:03:16
2024-03-26 14:03:16 0 [Note] Server socket created on IP: '::'.
2024-03-26 14:03:34 0 [Note] Starting MariaDB 10.4.32-MariaDB source revision c4143f909528e3fab0677a28631d10389354c491 as process 13924
2024-03-26 14:03:34 0 [Note] InnoDB: Mutexes and rw_locks use Windows interlocked functions
2024-03-26 14:03:34 0 [Note] InnoDB: Uses event mutexes
2024-03-26 14:03:34 0 [Note] InnoDB: Compressed tables use zlib 1.3
2024-03-26 14:03:34 0 [Note] InnoDB: Number of pools: 1
2024-03-26 14:03:34 0 [Note] InnoDB: Using SSE2 crc32 instructions
2024-03-26 14:03:34 0 [Note] InnoDB: Initializing buffer pool, total size = 16M, instances = 1, chunk size = 16M
2024-03-26 14:03:34 0 [Note] InnoDB: Completed initialization of buffer pool
2024-03-26 14:03:34 0 [Note] InnoDB: Starting crash recovery from checkpoint LSN=300288
2024-03-26 14:03:35 0 [Note] InnoDB: 128 out of 128 rollback segments are active.
2024-03-26 14:03:35 0 [Note] InnoDB: Removed temporary tablespace data file: "ibtmp1"
2024-03-26 14:03:35 0 [Note] InnoDB: Creating shared tablespace for temporary tables
2024-03-26 14:03:35 0 [Note] InnoDB: Setting file 'E:\New folder\mysql\data\ibtmp1' size to 12 MB. Physically writing the file full; Please wait ...
2024-03-26 14:03:35 0 [Note] InnoDB: File 'E:\New folder\mysql\data\ibtmp1' size is now 12 MB.
2024-03-26 14:03:35 0 [Note] InnoDB: Waiting for purge to start
2024-03-26 14:03:35 0 [Note] InnoDB: 10.4.32 started; log sequence number 300297; transaction id 170
2024-03-26 14:03:35 0 [Note] InnoDB: Loading buffer pool(s) from E:\New folder\mysql\data\ib_buffer_pool
2024-03-26 14:03:35 0 [Note] Plugin 'FEEDBACK' is disabled.
2024-03-26 14:03:35 0 [Note] Server socket created on IP: '::'.
22024-03-26 14:14:44 0 [Note] Starting MariaDB 10.4.32-MariaDB source revision c4143f909528e3fab0677a28631d10389354c491 as process 2324
2024-03-26 14:14:44 0 [ERROR] InnoDB: The innodb_system data file 'ibdata1' must be writable
2024-03-26 14:14:44 0 [ERROR] InnoDB: The innodb_system data file 'ibdata1' must be writable
2024-03-26 14:14:44 0 [ERROR] Plugin 'InnoDB' registration as a STORAGE ENGINE failed.
2024-03-26 14:14:44 0 [Note] Plugin 'FEEDBACK' is disabled.
2024-03-26 14:14:44 0 [ERROR] Unknown/unsupported storage engine: InnoDB
2024-03-26 14:14:44 0 [ERROR] Aborting
2024-03-26 14:15:17 0 [Note] Starting MariaDB 10.4.32-MariaDB source revision c4143f909528e3fab0677a28631d10389354c491 as process 15032
2024-03-26 14:15:17 0 [Note] InnoDB: Mutexes and rw_locks use Windows interlocked functions
2024-03-26 14:15:17 0 [Note] InnoDB: Uses event mutexes
2024-03-26 14:15:17 0 [Note] InnoDB: Compressed tables use zlib 1.3
2024-03-26 14:15:17 0 [Note] InnoDB: Number of pools: 1
2024-03-26 14:15:17 0 [Note] InnoDB: Using SSE2 crc32 instructions
2024-03-26 14:15:17 0 [Note] InnoDB: Initializing buffer pool, total size = 16M, instances = 1, chunk size = 16M
2024-03-26 14:15:17 0 [Note] InnoDB: Completed initialization of buffer pool
2024-03-26 14:15:17 0 [Note] InnoDB: 128 out of 128 rollback segments are active.
2024-03-26 14:15:17 0 [Note] InnoDB: Creating shared tablespace for temporary tables
2024-03-26 14:15:17 0 [Note] InnoDB: Setting file 'E:\New folder\mysql\data\ibtmp1' size to 12 MB. Physically writing the file full; Please wait ...
2024-03-26 14:15:17 0 [Note] InnoDB: File 'E:\New folder\mysql\data\ibtmp1' size is now 12 MB.
2024-03-26 14:15:17 0 [Note] InnoDB: Waiting for purge to start
2024-03-26 14:15:17 0 [Note] InnoDB: 10.4.32 started; log sequence number 300647; transaction id 193
2024-03-26 14:15:17 0 [Note] InnoDB: Loading buffer pool(s) from E:\New folder\mysql\data\ib_buffer_pool
2024-03-26 14:15:17 0 [Note] Plugin 'FEEDBACK' is disabled.
2024-03-26 14:15:17 0 [Note] Server socket created on IP: '::'.
2024-03-26 15:04:27 0 [Note] Starting MariaDB 10.4.32-MariaDB source revision c4143f909528e3fab0677a28631d10389354c491 as process 13264
2024-03-26 15:04:27 0 [Note] InnoDB: Mutexes and rw_locks use Windows interlocked functions
2024-03-26 15:04:27 0 [Note] InnoDB: Uses event mutexes
2024-03-26 15:04:27 0 [Note] InnoDB: Compressed tables use zlib 1.3
2024-03-26 15:04:27 0 [Note] InnoDB: Number of pools: 1
2024-03-26 15:04:27 0 [Note] InnoDB: Using SSE2 crc32 instructions
2024-03-26 15:04:27 0 [Note] InnoDB: Initializing buffer pool, total size = 16M, instances = 1, chunk size = 16M
2024-03-26 15:04:27 0 [Note] InnoDB: Completed initialization of buffer pool
2024-03-26 15:04:27 0 [Note] InnoDB: Starting crash recovery from checkpoint LSN=300647
2024-03-26 15:04:28 0 [Note] InnoDB: 128 out of 128 rollback segments are active.
2024-03-26 15:04:28 0 [Note] InnoDB: Removed temporary tablespace data file: "ibtmp1"
2024-03-26 15:04:28 0 [Note] InnoDB: Creating shared tablespace for temporary tables
2024-03-26 15:04:28 0 [Note] InnoDB: Setting file 'E:\New folder\mysql\data\ibtmp1' size to 12 MB. Physically writing the file full; Please wait ...
2024-03-26 15:04:28 0 [Note] InnoDB: File 'E:\New folder\mysql\data\ibtmp1' size is now 12 MB.
2024-03-26 15:04:28 0 [Note] InnoDB: Waiting for purge to start
2024-03-26 15:04:28 0 [Note] InnoDB: 10.4.32 started; log sequence number 300656; transaction id 193
2024-03-26 15:04:28 0 [Note] InnoDB: Loading buffer pool(s) from E:\New folder\mysql\data\ib_buffer_pool
2024-03-26 15:04:28 0 [Note] Plugin 'FEEDBACK' is disabled.
2024-03-26 15:04:28 0 [Note] InnoDB: Buffer pool(s) load completed at 240326 15:04:28
2024-03-26 15:04:28 0 [Note] Server socket created on IP: '::'.
2024-03-27 18:20:00 0 [Note] Starting MariaDB 10.4.32-MariaDB source revision c4143f909528e3fab0677a28631d10389354c491 as process 7960
2024-03-27 18:20:00 0 [Note] InnoDB: Mutexes and rw_locks use Windows interlocked functions
2024-03-27 18:20:00 0 [Note] InnoDB: Uses event mutexes
2024-03-27 18:20:00 0 [Note] InnoDB: Compressed tables use zlib 1.3
2024-03-27 18:20:00 0 [Note] InnoDB: Number of pools: 1
2024-03-27 18:20:00 0 [Note] InnoDB: Using SSE2 crc32 instructions
2024-03-27 18:20:00 0 [Note] InnoDB: Initializing buffer pool, total size = 16M, instances = 1, chunk size = 16M
2024-03-27 18:20:00 0 [Note] InnoDB: Completed initialization of buffer pool
2024-03-27 18:20:00 0 [Note] InnoDB: Starting crash recovery from checkpoint LSN=300665
2024-03-27 18:20:01 0 [Note] InnoDB: 128 out of 128 rollback segments are active.
2024-03-27 18:20:01 0 [Note] InnoDB: Removed temporary tablespace data file: "ibtmp1"
2024-03-27 18:20:01 0 [Note] InnoDB: Creating shared tablespace for temporary tables
2024-03-27 18:20:01 0 [Note] InnoDB: Setting file 'E:\New folder\mysql\data\ibtmp1' size to 12 MB. Physically writing the file full; Please wait ...
2024-03-27 18:20:01 0 [Note] InnoDB: File 'E:\New folder\mysql\data\ibtmp1' size is now 12 MB.
2024-03-27 18:20:01 0 [Note] InnoDB: Waiting for purge to start
2024-03-27 18:20:01 0 [Note] InnoDB: 10.4.32 started; log sequence number 300674; transaction id 193
2024-03-27 18:20:01 0 [Note] InnoDB: Loading buffer pool(s) from E:\New folder\mysql\data\ib_buffer_pool
2024-03-27 18:20:01 0 [Note] Plugin 'FEEDBACK' is disabled.
2024-03-27 18:20:01 0 [Note] InnoDB: Buffer pool(s) load completed at 240327 18:20:01
2024-03-27 18:20:01 0 [Note] Server socket created on IP: '::'.
